d:\0.code\openlpt_for_particle\openlpt_shake-the-box\visualstudio\shakethebox\shakethebox\x64\release\vc142.pdb
d:\0.code\openlpt_for_particle\openlpt_shake-the-box\visualstudio\shakethebox\shakethebox\x64\release\tif_luv.obj
d:\0.code\openlpt_for_particle\openlpt_shake-the-box\visualstudio\shakethebox\shakethebox\x64\release\tif_jpeg_12.obj
d:\0.code\openlpt_for_particle\openlpt_shake-the-box\visualstudio\shakethebox\shakethebox\x64\release\tif_jpeg.obj
d:\0.code\openlpt_for_particle\openlpt_shake-the-box\visualstudio\shakethebox\shakethebox\x64\release\tif_jbig.obj
d:\0.code\openlpt_for_particle\openlpt_shake-the-box\visualstudio\shakethebox\shakethebox\x64\release\tif_getimage.obj
d:\0.code\openlpt_for_particle\openlpt_shake-the-box\visualstudio\shakethebox\shakethebox\x64\release\tif_flush.obj
d:\0.code\openlpt_for_particle\openlpt_shake-the-box\visualstudio\shakethebox\shakethebox\x64\release\tif_fax3sm.obj
d:\0.code\openlpt_for_particle\openlpt_shake-the-box\visualstudio\shakethebox\shakethebox\x64\release\tif_fax3.obj
d:\0.code\openlpt_for_particle\openlpt_shake-the-box\visualstudio\shakethebox\shakethebox\x64\release\tif_extension.obj
d:\0.code\openlpt_for_particle\openlpt_shake-the-box\visualstudio\shakethebox\shakethebox\x64\release\tif_error.obj
d:\0.code\openlpt_for_particle\openlpt_shake-the-box\visualstudio\shakethebox\shakethebox\x64\release\tif_dumpmode.obj
d:\0.code\openlpt_for_particle\openlpt_shake-the-box\visualstudio\shakethebox\shakethebox\x64\release\tif_dirwrite.obj
d:\0.code\openlpt_for_particle\openlpt_shake-the-box\visualstudio\shakethebox\shakethebox\x64\release\tif_dirread.obj
d:\0.code\openlpt_for_particle\openlpt_shake-the-box\visualstudio\shakethebox\shakethebox\x64\release\tif_dirinfo.obj
d:\0.code\openlpt_for_particle\openlpt_shake-the-box\visualstudio\shakethebox\shakethebox\x64\release\tif_dir.obj
d:\0.code\openlpt_for_particle\openlpt_shake-the-box\visualstudio\shakethebox\shakethebox\x64\release\tif_compress.obj
d:\0.code\openlpt_for_particle\openlpt_shake-the-box\visualstudio\shakethebox\shakethebox\x64\release\tif_color.obj
d:\0.code\openlpt_for_particle\openlpt_shake-the-box\visualstudio\shakethebox\shakethebox\x64\release\tif_codec.obj
d:\0.code\openlpt_for_particle\openlpt_shake-the-box\visualstudio\shakethebox\shakethebox\x64\release\tif_close.obj
d:\0.code\openlpt_for_particle\openlpt_shake-the-box\visualstudio\shakethebox\shakethebox\x64\release\tif_aux.obj
d:\0.code\openlpt_for_particle\openlpt_shake-the-box\visualstudio\shakethebox\shakethebox\x64\release\tif_zip.obj
d:\0.code\openlpt_for_particle\openlpt_shake-the-box\visualstudio\shakethebox\shakethebox\x64\release\tif_write.obj
d:\0.code\openlpt_for_particle\openlpt_shake-the-box\visualstudio\shakethebox\shakethebox\x64\release\tif_warning.obj
d:\0.code\openlpt_for_particle\openlpt_shake-the-box\visualstudio\shakethebox\shakethebox\x64\release\tif_version.obj
d:\0.code\openlpt_for_particle\openlpt_shake-the-box\visualstudio\shakethebox\shakethebox\x64\release\tif_unix.obj
d:\0.code\openlpt_for_particle\openlpt_shake-the-box\visualstudio\shakethebox\shakethebox\x64\release\tif_tile.obj
d:\0.code\openlpt_for_particle\openlpt_shake-the-box\visualstudio\shakethebox\shakethebox\x64\release\tif_thunder.obj
d:\0.code\openlpt_for_particle\openlpt_shake-the-box\visualstudio\shakethebox\shakethebox\x64\release\tif_swab.obj
d:\0.code\openlpt_for_particle\openlpt_shake-the-box\visualstudio\shakethebox\shakethebox\x64\release\tif_strip.obj
d:\0.code\openlpt_for_particle\openlpt_shake-the-box\visualstudio\shakethebox\shakethebox\x64\release\tif_read.obj
d:\0.code\openlpt_for_particle\openlpt_shake-the-box\visualstudio\shakethebox\shakethebox\x64\release\tif_print.obj
d:\0.code\openlpt_for_particle\openlpt_shake-the-box\visualstudio\shakethebox\shakethebox\x64\release\tif_predict.obj
d:\0.code\openlpt_for_particle\openlpt_shake-the-box\visualstudio\shakethebox\shakethebox\x64\release\tif_pixarlog.obj
d:\0.code\openlpt_for_particle\openlpt_shake-the-box\visualstudio\shakethebox\shakethebox\x64\release\tif_packbits.obj
d:\0.code\openlpt_for_particle\openlpt_shake-the-box\visualstudio\shakethebox\shakethebox\x64\release\tif_open.obj
d:\0.code\openlpt_for_particle\openlpt_shake-the-box\visualstudio\shakethebox\shakethebox\x64\release\tif_ojpeg.obj
d:\0.code\openlpt_for_particle\openlpt_shake-the-box\visualstudio\shakethebox\shakethebox\x64\release\tif_next.obj
d:\0.code\openlpt_for_particle\openlpt_shake-the-box\visualstudio\shakethebox\shakethebox\x64\release\tif_lzw.obj
d:\0.code\openlpt_for_particle\openlpt_shake-the-box\visualstudio\shakethebox\shakethebox\x64\release\tif_lzma.obj
d:\0.code\openlpt_for_particle\openlpt_shake-the-box\visualstudio\shakethebox\shakethebox\x64\release\tiff2dfinder.obj
d:\0.code\openlpt_for_particle\openlpt_shake-the-box\visualstudio\shakethebox\shakethebox\x64\release\stb.obj
d:\0.code\openlpt_for_particle\openlpt_shake-the-box\visualstudio\shakethebox\shakethebox\x64\release\shaking.obj
d:\0.code\openlpt_for_particle\openlpt_shake-the-box\visualstudio\shakethebox\shakethebox\x64\release\predictivefield.obj
d:\0.code\openlpt_for_particle\openlpt_shake-the-box\visualstudio\shakethebox\shakethebox\x64\release\position.obj
d:\0.code\openlpt_for_particle\openlpt_shake-the-box\visualstudio\shakethebox\shakethebox\x64\release\particlefinder.obj
d:\0.code\openlpt_for_particle\openlpt_shake-the-box\visualstudio\shakethebox\shakethebox\x64\release\otf.obj
d:\0.code\openlpt_for_particle\openlpt_shake-the-box\visualstudio\shakethebox\shakethebox\x64\release\ipr.obj
d:\0.code\openlpt_for_particle\openlpt_shake-the-box\visualstudio\shakethebox\shakethebox\x64\release\image.obj
d:\0.code\openlpt_for_particle\openlpt_shake-the-box\visualstudio\shakethebox\shakethebox\x64\release\frame.obj
d:\0.code\openlpt_for_particle\openlpt_shake-the-box\visualstudio\shakethebox\shakethebox\x64\release\forwardstb.obj
d:\0.code\openlpt_for_particle\openlpt_shake-the-box\visualstudio\shakethebox\shakethebox\x64\release\camera.obj
d:\0.code\openlpt_for_particle\openlpt_shake-the-box\visualstudio\shakethebox\shakethebox\x64\release\calibration.obj
d:\0.code\openlpt_for_particle\openlpt_shake-the-box\visualstudio\shakethebox\shakethebox\x64\release\boundarycheck.obj
d:\0.code\openlpt_for_particle\openlpt_shake-the-box\visualstudio\shakethebox\shakethebox\x64\release\backstb.obj
d:\0.code\openlpt_for_particle\openlpt_shake-the-box\visualstudio\shakethebox\shakethebox\x64\release\matrix.obj
d:\0.code\openlpt_for_particle\openlpt_shake-the-box\visualstudio\shakethebox\shakethebox\x64\release\numdataio.obj
d:\0.code\openlpt_for_particle\openlpt_shake-the-box\visualstudio\shakethebox\shakethebox\x64\release\gdf.obj
d:\0.code\openlpt_for_particle\openlpt_shake-the-box\visualstudio\shakethebox\shakethebox\x64\release\cpvgdftracker.obj
d:\0.code\openlpt_for_particle\openlpt_shake-the-box\visualstudio\shakethebox\shakethebox\x64\release\tif_stream.obj
d:\0.code\openlpt_for_particle\openlpt_shake-the-box\visualstudio\shakethebox\shakethebox\x64\release\wesleyancpv.obj
d:\0.code\openlpt_for_particle\openlpt_shake-the-box\visualstudio\shakethebox\shakethebox\x64\release\track.obj
d:\0.code\openlpt_for_particle\openlpt_shake-the-box\visualstudio\shakethebox\shakethebox\x64\release\tiffload.obj
d:\0.code\openlpt_for_particle\openlpt_shake-the-box\visualstudio\shakethebox\x64\release\shakethebox.exe
d:\0.code\openlpt_for_particle\openlpt_shake-the-box\visualstudio\shakethebox\shakethebox\x64\release\shakethebox.ipdb
d:\0.code\openlpt_for_particle\openlpt_shake-the-box\visualstudio\shakethebox\shakethebox\x64\release\shakethebox.iobj
d:\0.code\openlpt_for_particle\openlpt_shake-the-box\visualstudio\shakethebox\x64\release\shakethebox.pdb
d:\0.code\openlpt_for_particle\openlpt_shake-the-box\visualstudio\shakethebox\shakethebox\x64\release\vcpkg.applocal.log
d:\0.code\openlpt_for_particle\openlpt_shake-the-box\visualstudio\shakethebox\shakethebox\x64\release\shakethebox.tlog\cl.command.1.tlog
d:\0.code\openlpt_for_particle\openlpt_shake-the-box\visualstudio\shakethebox\shakethebox\x64\release\shakethebox.tlog\cl.read.1.tlog
d:\0.code\openlpt_for_particle\openlpt_shake-the-box\visualstudio\shakethebox\shakethebox\x64\release\shakethebox.tlog\cl.write.1.tlog
d:\0.code\openlpt_for_particle\openlpt_shake-the-box\visualstudio\shakethebox\shakethebox\x64\release\shakethebox.tlog\link.command.1.tlog
d:\0.code\openlpt_for_particle\openlpt_shake-the-box\visualstudio\shakethebox\shakethebox\x64\release\shakethebox.tlog\link.read.1.tlog
d:\0.code\openlpt_for_particle\openlpt_shake-the-box\visualstudio\shakethebox\shakethebox\x64\release\shakethebox.tlog\link.write.1.tlog
d:\0.code\openlpt_for_particle\openlpt_shake-the-box\visualstudio\shakethebox\shakethebox\x64\release\shakethebox.tlog\shakethebox.write.1u.tlog
